\BOOKMARK [0][-]{section*.4}{فهرست اشکال}{}% 1
\BOOKMARK [0][-]{section*.5}{فهرست جداول}{}% 2
\BOOKMARK [0][-]{chapter.1}{مقدمه و طرح مسئله}{}% 3
\BOOKMARK [1][-]{section.1.1}{مقدمه}{chapter.1}% 4
\BOOKMARK [1][-]{section.1.2}{طرح مسئله}{chapter.1}% 5
\BOOKMARK [1][-]{section.1.3}{راه حل پیشنهادی}{chapter.1}% 6
\BOOKMARK [0][-]{chapter.2}{پیشینه تشخیص اخبار جعلی}{}% 7
\BOOKMARK [1][-]{section.2.1}{کارهای انجام شده در زبان انگلیسی}{chapter.2}% 8
\BOOKMARK [1][-]{section.2.2}{دادگان موجود در انگلیسی و آمار دادگان}{chapter.2}% 9
\BOOKMARK [2][-]{subsection.2.2.1}{دادگان لیار}{section.2.2}% 10
\BOOKMARK [2][-]{subsection.2.2.2}{دادگان آی.اس.اُ.تی}{section.2.2}% 11
\BOOKMARK [2][-]{subsection.2.2.3}{دادگان بازفید}{section.2.2}% 12
\BOOKMARK [2][-]{subsection.2.2.4}{توئیتر ۱۵}{section.2.2}% 13
\BOOKMARK [1][-]{section.2.3}{دادگان موجود در سایر زبان‌ها}{chapter.2}% 14
\BOOKMARK [1][-]{section.2.4}{کارهای انجام شده و دادگان موجود در زبان فارسی}{chapter.2}% 15
\BOOKMARK [0][-]{chapter.3}{تهیه دادگان فارسی «تاج»}{}% 16
\BOOKMARK [1][-]{section.3.1}{مقدمه‌ای بر جمع‌آوری داده‌ها}{chapter.3}% 17
\BOOKMARK [1][-]{section.3.2}{مراحل جمع‌آوری داده‌ها}{chapter.3}% 18
\BOOKMARK [1][-]{section.3.3}{نشانه‌گذاری داده}{chapter.3}% 19
\BOOKMARK [1][-]{section.3.4}{آمار دادگان}{chapter.3}% 20
\BOOKMARK [0][-]{chapter.4}{پردازش‌های پایه جهت تشخیص اخبار جعلی برروی داده‌های فارسی}{}% 21
\BOOKMARK [1][-]{section.4.1}{پیش‌پردازش داده‌های خبری}{chapter.4}% 22
\BOOKMARK [2][-]{subsection.4.1.1}{هنجارسازی واژه‌ها}{section.4.1}% 23
\BOOKMARK [2][-]{subsection.4.1.2}{واحدسازی واژه‌ها}{section.4.1}% 24
\BOOKMARK [2][-]{subsection.4.1.3}{حذف ایست‌واژه‌ها و علائم نگارشی}{section.4.1}% 25
\BOOKMARK [2][-]{subsection.4.1.4}{ریشه‌یابی واژه‌ها}{section.4.1}% 26
\BOOKMARK [1][-]{section.4.2}{استخراج ویژگی‌های موضوعی مستندات}{chapter.4}% 27
\BOOKMARK [2][-]{subsection.4.2.1}{دسته‌بندی با‌ نظارت براساس 6 دسته مختلف}{section.4.2}% 28
\BOOKMARK [2][-]{subsection.4.2.2}{دسته‌بندی بدون‌ نظارت براساس روش تخصیص نهان دیریکله}{section.4.2}% 29
\BOOKMARK [1][-]{section.4.3}{بازنمایی برداری اخبار با رویکردهای مختلف}{chapter.4}% 30
\BOOKMARK [2][-]{subsection.4.3.1}{بازنمایی مبتنی‌بر واژه}{section.4.3}% 31
\BOOKMARK [2][-]{subsection.4.3.2}{بازنمایی مبتنی‌بر تعبیه ایستا \(ورد2وک\)}{section.4.3}% 32
\BOOKMARK [2][-]{subsection.4.3.3}{مبتنی‌بر تعبیه بافت‌محور \(برت\)}{section.4.3}% 33
\BOOKMARK [2][-]{subsection.4.3.4}{بازنمایی مبتنی‌بر موضوع \(تخصیص نهان دیریکله\)}{section.4.3}% 34
\BOOKMARK [0][-]{chapter.5}{معماری مدل‌های ارائه شده}{}% 35
\BOOKMARK [1][-]{section.5.1}{مدل‌های پایه مورد استفاده در تشخیص اخبار جعلی}{chapter.5}% 36
\BOOKMARK [2][-]{subsection.5.1.1}{شبکه عصبی پرسپترون ساده}{section.5.1}% 37
\BOOKMARK [2][-]{subsection.5.1.2}{شبکه عصبی پیچشی}{section.5.1}% 38
\BOOKMARK [1][-]{section.5.2}{مدل‌های بازنمائی متن مبتنی بر بافت}{chapter.5}% 39
\BOOKMARK [2][-]{subsection.5.2.1}{برت}{section.5.2}% 40
\BOOKMARK [2][-]{subsection.5.2.2}{برت چند زبانه}{section.5.2}% 41
\BOOKMARK [2][-]{subsection.5.2.3}{پارس‌برت}{section.5.2}% 42
\BOOKMARK [2][-]{subsection.5.2.4}{آلبرت-فارسی}{section.5.2}% 43
\BOOKMARK [2][-]{subsection.5.2.5}{ایکس.ال.ام-روبرتا}{section.5.2}% 44
\BOOKMARK [1][-]{section.5.3}{معماری‌های پیشنهادی برای تشخیص اخبار جعلی}{chapter.5}% 45
\BOOKMARK [2][-]{subsection.5.3.1}{مدل زبانی مبتنی بر بافت + پرسپترون ساده}{section.5.3}% 46
\BOOKMARK [2][-]{subsection.5.3.2}{مدل زبانی مبتنی بر بافت + پیچشی}{section.5.3}% 47
\BOOKMARK [0][-]{chapter.6}{بررسی نتایج و ارزیابی مدل‌های ارائه شده}{}% 48
\BOOKMARK [1][-]{section.6.1}{آزمایش‌های انجام‌شده بر روی پیکره «تاج»}{chapter.6}% 49
\BOOKMARK [2][-]{subsection.6.1.1}{تنظیمات آزمایش‌ها}{section.6.1}% 50
\BOOKMARK [2][-]{subsection.6.1.2}{نتایج}{section.6.1}% 51
\BOOKMARK [1][-]{section.6.2}{آزمایش‌های انجام‌شده بر روی سایر پیکره‌های فارسی}{chapter.6}% 52
\BOOKMARK [1][-]{section.6.3}{آزمایش‌های انجام‌شده برروی پیکره‌های زبان انگلیسی}{chapter.6}% 53
\BOOKMARK [0][-]{chapter.7}{بهبود تشخیص اخبار جعلی با فراداده‌های حاصل از پردازش زبان}{}% 54
\BOOKMARK [1][-]{section.7.1}{انگیزه}{chapter.7}% 55
\BOOKMARK [1][-]{section.7.2}{دسته‌بندی موضوعی اخبار}{chapter.7}% 56
\BOOKMARK [1][-]{section.7.3}{تشخیص موجودیت‌های نامدار}{chapter.7}% 57
\BOOKMARK [2][-]{subsection.7.3.1}{دادگان}{section.7.3}% 58
\BOOKMARK [2][-]{subsection.7.3.2}{مدل}{section.7.3}% 59
\BOOKMARK [1][-]{section.7.4}{تحلیل احساسات}{chapter.7}% 60
\BOOKMARK [2][-]{subsection.7.4.1}{مدل}{section.7.4}% 61
\BOOKMARK [1][-]{section.7.5}{نتایج حاصل از استفاده از پردازش‌های متنی در تشخیص اخبار}{chapter.7}% 62
\BOOKMARK [0][-]{chapter.8}{جمع‌بندی و کارهای آتی}{}% 63
\BOOKMARK [0][-]{appendix*.44}{منابع و مراجع}{}% 64
\BOOKMARK [0][-]{appendix*.45}{پیوست}{}% 65
