\BOOKMARK [0][-]{section*.4}{فهرست اشکال}{}% 1
\BOOKMARK [0][-]{section*.5}{فهرست جداول}{}% 2
\BOOKMARK [0][-]{chapter.1}{مقدمه و طرح مسئله}{}% 3
\BOOKMARK [1][-]{section.1.1}{مقدمه}{chapter.1}% 4
\BOOKMARK [1][-]{section.1.2}{طرح مسئله}{chapter.1}% 5
\BOOKMARK [1][-]{section.1.3}{راه حل پیشنهادی}{chapter.1}% 6
\BOOKMARK [0][-]{chapter.2}{پیشینه تشخیص اخبار جعلی}{}% 7
\BOOKMARK [1][-]{section.2.1}{کارهای انجام شده در زبان انگلیسی}{chapter.2}% 8
\BOOKMARK [1][-]{section.2.2}{دادگان موجود در انگلیسی و آمار دادگان}{chapter.2}% 9
\BOOKMARK [2][-]{subsection.2.2.1}{دادگان لیار}{section.2.2}% 10
\BOOKMARK [2][-]{subsection.2.2.2}{دادگان آی.اس.اُ.تی}{section.2.2}% 11
\BOOKMARK [2][-]{subsection.2.2.3}{دادگان بازفید}{section.2.2}% 12
\BOOKMARK [2][-]{subsection.2.2.4}{توئیتر ۱۵}{section.2.2}% 13
\BOOKMARK [1][-]{section.2.3}{دادگان موجود در سایر زبان‌ها}{chapter.2}% 14
\BOOKMARK [1][-]{section.2.4}{کارهای انجام شده و دادگان موجود در زبان فارسی}{chapter.2}% 15
\BOOKMARK [0][-]{chapter.3}{تهیه دادگان فارسی «تاج»}{}% 16
\BOOKMARK [1][-]{section.3.1}{مقدمه‌ای بر جمع‌آوری داده‌ها}{chapter.3}% 17
\BOOKMARK [1][-]{section.3.2}{مراحل جمع‌آوری داده‌ها}{chapter.3}% 18
\BOOKMARK [1][-]{section.3.3}{نشانه‌گذاری داده}{chapter.3}% 19
\BOOKMARK [1][-]{section.3.4}{آمار دادگان}{chapter.3}% 20
\BOOKMARK [0][-]{chapter.4}{معماری مدل‌های ارائه شده}{}% 21
\BOOKMARK [1][-]{section.4.1}{مقدمه}{chapter.4}% 22
\BOOKMARK [1][-]{section.4.2}{مدل‌های دسته‌بندی متن}{chapter.4}% 23
\BOOKMARK [2][-]{subsection.4.2.1}{شبکه عصبی پرسپترون ساده}{section.4.2}% 24
\BOOKMARK [2][-]{subsection.4.2.2}{شبکه عصبی پیچشی}{section.4.2}% 25
\BOOKMARK [1][-]{section.4.3}{بازنمایی برداری اخبار با رویکردهای مختلف}{chapter.4}% 26
\BOOKMARK [2][-]{subsection.4.3.1}{بازنمایی مبتنی ‌بر واژه}{section.4.3}% 27
\BOOKMARK [2][-]{subsection.4.3.2}{بازنمایی مبتنی ‌بر تعبیه ایستا \(ورد2وک\)}{section.4.3}% 28
\BOOKMARK [2][-]{subsection.4.3.3}{بازنمایی مبتنی ‌بر موضوع \(تخصیص نهان دیریکله\)}{section.4.3}% 29
\BOOKMARK [2][-]{subsection.4.3.4}{مدل‌های بازنمائی متن مبتنی بر بافت}{section.4.3}% 30
\BOOKMARK [1][-]{section.4.4}{معماری‌های پیشنهادی برای تشخیص اخبار جعلی}{chapter.4}% 31
\BOOKMARK [2][-]{subsection.4.4.1}{مدل زبانی مبتنی بر بافت + پرسپترون ساده}{section.4.4}% 32
\BOOKMARK [2][-]{subsection.4.4.2}{مدل زبانی مبتنی بر بافت + پیچشی}{section.4.4}% 33
\BOOKMARK [0][-]{chapter.5}{بررسی نتایج و ارزیابی مدل‌های ارائه شده}{}% 34
\BOOKMARK [1][-]{section.5.1}{آزمایش‌های انجام‌شده بر روی پیکره «تاج»}{chapter.5}% 35
\BOOKMARK [2][-]{subsection.5.1.1}{پیش‌پردازش داده‌های خبری}{section.5.1}% 36
\BOOKMARK [2][-]{subsection.5.1.2}{تنظیمات آزمایش‌ها}{section.5.1}% 37
\BOOKMARK [2][-]{subsection.5.1.3}{نتایج}{section.5.1}% 38
\BOOKMARK [1][-]{section.5.2}{آزمایش‌های انجام‌شده بر روی سایر پیکره‌های فارسی}{chapter.5}% 39
\BOOKMARK [1][-]{section.5.3}{آزمایش‌های انجام‌شده برروی پیکره‌های زبان انگلیسی}{chapter.5}% 40
\BOOKMARK [0][-]{chapter.6}{بهبود تشخیص اخبار جعلی با فراداده‌های حاصل از پردازش زبان}{}% 41
\BOOKMARK [1][-]{section.6.1}{انگیزه}{chapter.6}% 42
\BOOKMARK [1][-]{section.6.2}{استخراج ویژگی‌های موضوعی مستندات}{chapter.6}% 43
\BOOKMARK [2][-]{subsection.6.2.1}{دسته‌بندی بانظارت براساس 6 دسته مختلف}{section.6.2}% 44
\BOOKMARK [2][-]{subsection.6.2.2}{دسته‌بندی بدون‌ نظارت براساس روش تخصیص نهان دیریکله}{section.6.2}% 45
\BOOKMARK [1][-]{section.6.3}{تشخیص موجودیت‌های نامدار}{chapter.6}% 46
\BOOKMARK [1][-]{section.6.4}{تحلیل احساسات}{chapter.6}% 47
\BOOKMARK [1][-]{section.6.5}{نتایج حاصل از استفاده از پردازش‌های متنی در تشخیص اخبار}{chapter.6}% 48
\BOOKMARK [0][-]{chapter.7}{جمع‌بندی و کارهای آتی}{}% 49
\BOOKMARK [1][-]{section.7.1}{جمع‌بندی و نتیجه‌گیری}{chapter.7}% 50
\BOOKMARK [1][-]{section.7.2}{کار‌های آتی}{chapter.7}% 51
\BOOKMARK [0][-]{appendix*.50}{منابع و مراجع}{}% 52
